Log file created/initialized at: Sun Sep 08 19:46:31 2024
[Mon Sep 09 00:12:51 2024]::[MAIN] Sign-in successful with user id [admin]
[Mon Sep 09 00:12:57 2024]::[MAIN] handleAdminMenu::printing list of trades by user id [1123]
[Mon Sep 09 00:12:57 2024]::[MAIN] 
+----+----------------------------------------------------------------+
| Id | Shares | Symbol |  Order | Total Amount | Date                 |
+----+----------------------------------------------------------------+
| 1  | 14     | PRV    | BOUGHT | 942.00       | 2024-09-07 18:21:02  |
| 2  | 23     | PNT    | BOUGHT | 1000.00      | 2024-09-07 18:22:32  |
| 3  | 83     | MBU    | BOUGHT | 600.00       | 2024-09-07 18:25:34  |
| 4  | 51     | UUE    | BOUGHT | 343.00       | 2024-09-07 18:28:25  |
| 5  | 26     | PEW    | BOUGHT | 799.00       | 2024-09-07 18:28:28  |
| 6  | 50     | SIC    | SOLD   | 566.00       | 2024-09-07 18:28:29  |
| 7  | 55     | JZI    | SOLD   | 455.00       | 2024-09-07 18:28:30  |
| 8  | 50     | YOG    | BOUGHT | 511.00       | 2024-09-07 18:33:39  |
| 9  | 89     | DNJ    | SOLD   | 234.00       | 2024-09-07 18:33:43  |
| 10 | 12     | OEC    | SOLD   | 532.00       | 2024-09-07 18:34:05  |
| 11 | 41     | CMP    | SELL   | 909.00       | 2024-09-07 18:55:39  |
| 12 | 56     | SMO    | SELL   | 311.00       | 2024-09-07 19:00:12  |
| 13 | 89     | WXA    | BOUGHT | 685.00       | 2024-09-07 20:42:11  |
| 14 | 12     | DHN    | BOUGHT | 12423.00     | 2024-09-07 21:12:09  |
| 15 | 15     | ATM    | BOUGHT | 444.00       | 2024-09-07 21:18:25  |

[Mon Sep 09 00:13:01 2024]::[MAIN] handleEditTrade::Trade Id:[0] for user:[1123] not found.
[Mon Sep 09 00:13:49 2024]::[MAIN] handleAdminMenu::printing list of trades by user id [1123]
[Mon Sep 09 00:13:49 2024]::[MAIN] 
+----+----------------------------------------------------------------+
| Id | Shares | Symbol |  Order | Total Amount | Date                 |
+----+----------------------------------------------------------------+
| 1  | 14     | PRV    | BOUGHT | 942.00       | 2024-09-07 18:21:02  |
| 2  | 23     | PNT    | BOUGHT | 1000.00      | 2024-09-07 18:22:32  |
| 3  | 83     | MBU    | BOUGHT | 600.00       | 2024-09-07 18:25:34  |
| 4  | 51     | UUE    | BOUGHT | 343.00       | 2024-09-07 18:28:25  |
| 5  | 26     | PEW    | BOUGHT | 799.00       | 2024-09-07 18:28:28  |
| 6  | 50     | SIC    | SOLD   | 566.00       | 2024-09-07 18:28:29  |
| 7  | 55     | JZI    | SOLD   | 455.00       | 2024-09-07 18:28:30  |
| 8  | 50     | YOG    | BOUGHT | 511.00       | 2024-09-07 18:33:39  |
| 9  | 89     | DNJ    | SOLD   | 234.00       | 2024-09-07 18:33:43  |
| 10 | 12     | OEC    | SOLD   | 532.00       | 2024-09-07 18:34:05  |
| 11 | 41     | CMP    | SELL   | 909.00       | 2024-09-07 18:55:39  |
| 12 | 56     | SMO    | SELL   | 311.00       | 2024-09-07 19:00:12  |
| 13 | 89     | WXA    | BOUGHT | 685.00       | 2024-09-07 20:42:11  |
| 14 | 12     | DHN    | BOUGHT | 12423.00     | 2024-09-07 21:12:09  |
| 15 | 15     | ATM    | BOUGHT | 444.00       | 2024-09-07 21:18:25  |

[Mon Sep 09 00:14:00 2024]::[MAIN] handleAdminMenu::printing list of trades by user id [1123]
[Mon Sep 09 00:14:00 2024]::[MAIN] 
+----+----------------------------------------------------------------+
| Id | Shares | Symbol |  Order | Total Amount | Date                 |
+----+----------------------------------------------------------------+
| 1  | 14     | PRV    | BOUGHT | 942.00       | 2024-09-07 18:21:02  |
| 2  | 23     | PNT    | BOUGHT | 1000.00      | 2024-09-07 18:22:32  |
| 3  | 83     | MBU    | BOUGHT | 600.00       | 2024-09-07 18:25:34  |
| 4  | 51     | UUE    | BOUGHT | 343.00       | 2024-09-07 18:28:25  |
| 5  | 26     | PEW    | BOUGHT | 799.00       | 2024-09-07 18:28:28  |
| 6  | 50     | SIC    | SOLD   | 566.00       | 2024-09-07 18:28:29  |
| 7  | 55     | JZI    | SOLD   | 455.00       | 2024-09-07 18:28:30  |
| 8  | 50     | YOG    | BOUGHT | 511.00       | 2024-09-07 18:33:39  |
| 9  | 89     | DNJ    | SOLD   | 234.00       | 2024-09-07 18:33:43  |
| 10 | 12     | OEC    | SOLD   | 532.00       | 2024-09-07 18:34:05  |
| 11 | 41     | CMP    | SELL   | 909.00       | 2024-09-07 18:55:39  |
| 12 | 56     | SMO    | SELL   | 311.00       | 2024-09-07 19:00:12  |
| 13 | 89     | WXA    | BOUGHT | 685.00       | 2024-09-07 20:42:11  |
| 14 | 12     | DHN    | BOUGHT | 12423.00     | 2024-09-07 21:12:09  |
| 15 | 15     | ATM    | BOUGHT | 444.00       | 2024-09-07 21:18:25  |

Log file created/initialized at: Sun Sep 08 19:46:31 2024
[Mon Sep 09 00:14:40 2024]::[MAIN] Sign-in successful with user id [admin]
[Mon Sep 09 00:14:46 2024]::[MAIN] handleAdminMenu::printing list of trades by user id [1123]
[Mon Sep 09 00:14:46 2024]::[MAIN] 
+----+----------------------------------------------------------------+
| Id | Shares | Symbol |  Order | Total Amount | Date                 |
+----+----------------------------------------------------------------+
| 1  | 14     | PRV    | BOUGHT | 942.00       | 2024-09-07 18:21:02  |
| 2  | 23     | PNT    | BOUGHT | 1000.00      | 2024-09-07 18:22:32  |
| 3  | 83     | MBU    | BOUGHT | 600.00       | 2024-09-07 18:25:34  |
| 4  | 51     | UUE    | BOUGHT | 343.00       | 2024-09-07 18:28:25  |
| 5  | 26     | PEW    | BOUGHT | 799.00       | 2024-09-07 18:28:28  |
| 6  | 50     | SIC    | SOLD   | 566.00       | 2024-09-07 18:28:29  |
| 7  | 55     | JZI    | SOLD   | 455.00       | 2024-09-07 18:28:30  |
| 8  | 50     | YOG    | BOUGHT | 511.00       | 2024-09-07 18:33:39  |
| 9  | 89     | DNJ    | SOLD   | 234.00       | 2024-09-07 18:33:43  |
| 10 | 12     | OEC    | SOLD   | 532.00       | 2024-09-07 18:34:05  |
| 11 | 41     | CMP    | SELL   | 909.00       | 2024-09-07 18:55:39  |
| 12 | 56     | SMO    | SELL   | 311.00       | 2024-09-07 19:00:12  |
| 13 | 89     | WXA    | BOUGHT | 685.00       | 2024-09-07 20:42:11  |
| 14 | 12     | DHN    | BOUGHT | 12423.00     | 2024-09-07 21:12:09  |
| 15 | 15     | ATM    | BOUGHT | 444.00       | 2024-09-07 21:18:25  |

[Mon Sep 09 00:14:55 2024]::[MAIN] handleEditTrade::Trade Id:[0] for user:[1123] not found.
[Mon Sep 09 00:14:59 2024]::[MAIN] handleAdminMenu::printing list of trades by user id [1123]
[Mon Sep 09 00:14:59 2024]::[MAIN] 
+----+----------------------------------------------------------------+
| Id | Shares | Symbol |  Order | Total Amount | Date                 |
+----+----------------------------------------------------------------+
| 1  | 14     | PRV    | BOUGHT | 942.00       | 2024-09-07 18:21:02  |
| 2  | 23     | PNT    | BOUGHT | 1000.00      | 2024-09-07 18:22:32  |
| 3  | 83     | MBU    | BOUGHT | 600.00       | 2024-09-07 18:25:34  |
| 4  | 51     | UUE    | BOUGHT | 343.00       | 2024-09-07 18:28:25  |
| 5  | 26     | PEW    | BOUGHT | 799.00       | 2024-09-07 18:28:28  |
| 6  | 50     | SIC    | SOLD   | 566.00       | 2024-09-07 18:28:29  |
| 7  | 55     | JZI    | SOLD   | 455.00       | 2024-09-07 18:28:30  |
| 8  | 50     | YOG    | BOUGHT | 511.00       | 2024-09-07 18:33:39  |
| 9  | 89     | DNJ    | SOLD   | 234.00       | 2024-09-07 18:33:43  |
| 10 | 12     | OEC    | SOLD   | 532.00       | 2024-09-07 18:34:05  |
| 11 | 41     | CMP    | SELL   | 909.00       | 2024-09-07 18:55:39  |
| 12 | 56     | SMO    | SELL   | 311.00       | 2024-09-07 19:00:12  |
| 13 | 89     | WXA    | BOUGHT | 685.00       | 2024-09-07 20:42:11  |
| 14 | 12     | DHN    | BOUGHT | 12423.00     | 2024-09-07 21:12:09  |
| 15 | 15     | ATM    | BOUGHT | 444.00       | 2024-09-07 21:18:25  |

[Mon Sep 09 00:15:12 2024]::[MAIN] handleEditTrade::Trade Id:[0] for user:[1123] not found.
[Mon Sep 09 00:15:52 2024]::[MAIN] handleAdminMenu::printing list of trades by user id [1123]
[Mon Sep 09 00:15:52 2024]::[MAIN] 
+----+----------------------------------------------------------------+
| Id | Shares | Symbol |  Order | Total Amount | Date                 |
+----+----------------------------------------------------------------+
| 1  | 14     | PRV    | BOUGHT | 942.00       | 2024-09-07 18:21:02  |
| 2  | 23     | PNT    | BOUGHT | 1000.00      | 2024-09-07 18:22:32  |
| 3  | 83     | MBU    | BOUGHT | 600.00       | 2024-09-07 18:25:34  |
| 4  | 51     | UUE    | BOUGHT | 343.00       | 2024-09-07 18:28:25  |
| 5  | 26     | PEW    | BOUGHT | 799.00       | 2024-09-07 18:28:28  |
| 6  | 50     | SIC    | SOLD   | 566.00       | 2024-09-07 18:28:29  |
| 7  | 55     | JZI    | SOLD   | 455.00       | 2024-09-07 18:28:30  |
| 8  | 50     | YOG    | BOUGHT | 511.00       | 2024-09-07 18:33:39  |
| 9  | 89     | DNJ    | SOLD   | 234.00       | 2024-09-07 18:33:43  |
| 10 | 12     | OEC    | SOLD   | 532.00       | 2024-09-07 18:34:05  |
| 11 | 41     | CMP    | SELL   | 909.00       | 2024-09-07 18:55:39  |
| 12 | 56     | SMO    | SELL   | 311.00       | 2024-09-07 19:00:12  |
| 13 | 89     | WXA    | BOUGHT | 685.00       | 2024-09-07 20:42:11  |
| 14 | 12     | DHN    | BOUGHT | 12423.00     | 2024-09-07 21:12:09  |
| 15 | 15     | ATM    | BOUGHT | 444.00       | 2024-09-07 21:18:25  |

[Mon Sep 09 00:16:32 2024]::[MAIN] handleEditTrade::Trade Id:[0] for user:[1123] not found.
Log file created/initialized at: Sun Sep 08 19:46:31 2024
[Mon Sep 09 00:17:17 2024]::[MAIN] Sign-in successful with user id [admin]
[Mon Sep 09 00:17:25 2024]::[MAIN] handleAdminMenu::printing list of trades by user id [1123]
[Mon Sep 09 00:17:25 2024]::[MAIN] 
+----+----------------------------------------------------------------+
| Id | Shares | Symbol |  Order | Total Amount | Date                 |
+----+----------------------------------------------------------------+
| 1  | 14     | PRV    | BOUGHT | 942.00       | 2024-09-07 18:21:02  |
| 2  | 23     | PNT    | BOUGHT | 1000.00      | 2024-09-07 18:22:32  |
| 3  | 83     | MBU    | BOUGHT | 600.00       | 2024-09-07 18:25:34  |
| 4  | 51     | UUE    | BOUGHT | 343.00       | 2024-09-07 18:28:25  |
| 5  | 26     | PEW    | BOUGHT | 799.00       | 2024-09-07 18:28:28  |
| 6  | 50     | SIC    | SOLD   | 566.00       | 2024-09-07 18:28:29  |
| 7  | 55     | JZI    | SOLD   | 455.00       | 2024-09-07 18:28:30  |
| 8  | 50     | YOG    | BOUGHT | 511.00       | 2024-09-07 18:33:39  |
| 9  | 89     | DNJ    | SOLD   | 234.00       | 2024-09-07 18:33:43  |
| 10 | 12     | OEC    | SOLD   | 532.00       | 2024-09-07 18:34:05  |
| 11 | 41     | CMP    | SELL   | 909.00       | 2024-09-07 18:55:39  |
| 12 | 56     | SMO    | SELL   | 311.00       | 2024-09-07 19:00:12  |
| 13 | 89     | WXA    | BOUGHT | 685.00       | 2024-09-07 20:42:11  |
| 14 | 12     | DHN    | BOUGHT | 12423.00     | 2024-09-07 21:12:09  |
| 15 | 15     | ATM    | BOUGHT | 444.00       | 2024-09-07 21:18:25  |

[Mon Sep 09 00:17:30 2024]::[MAIN] handleEditTrade::Trade Id:[56] for user:[1123] not found.
[Mon Sep 09 00:17:47 2024]::[MAIN] handleAdminMenu::printing list of trades by user id [1123]
[Mon Sep 09 00:17:47 2024]::[MAIN] 
+----+----------------------------------------------------------------+
| Id | Shares | Symbol |  Order | Total Amount | Date                 |
+----+----------------------------------------------------------------+
| 1  | 14     | PRV    | BOUGHT | 942.00       | 2024-09-07 18:21:02  |
| 2  | 23     | PNT    | BOUGHT | 1000.00      | 2024-09-07 18:22:32  |
| 3  | 83     | MBU    | BOUGHT | 600.00       | 2024-09-07 18:25:34  |
| 4  | 51     | UUE    | BOUGHT | 343.00       | 2024-09-07 18:28:25  |
| 5  | 26     | PEW    | BOUGHT | 799.00       | 2024-09-07 18:28:28  |
| 6  | 50     | SIC    | SOLD   | 566.00       | 2024-09-07 18:28:29  |
| 7  | 55     | JZI    | SOLD   | 455.00       | 2024-09-07 18:28:30  |
| 8  | 50     | YOG    | BOUGHT | 511.00       | 2024-09-07 18:33:39  |
| 9  | 89     | DNJ    | SOLD   | 234.00       | 2024-09-07 18:33:43  |
| 10 | 12     | OEC    | SOLD   | 532.00       | 2024-09-07 18:34:05  |
| 11 | 41     | CMP    | SELL   | 909.00       | 2024-09-07 18:55:39  |
| 12 | 56     | SMO    | SELL   | 311.00       | 2024-09-07 19:00:12  |
| 13 | 89     | WXA    | BOUGHT | 685.00       | 2024-09-07 20:42:11  |
| 14 | 12     | DHN    | BOUGHT | 12423.00     | 2024-09-07 21:12:09  |
| 15 | 15     | ATM    | BOUGHT | 444.00       | 2024-09-07 21:18:25  |

[Mon Sep 09 00:17:50 2024]::[MAIN] handleEditTrade::Trade Id:[0] for user:[1123] not found.
[Mon Sep 09 00:17:52 2024]::[MAIN] handleAdminMenu::printing list of trades by user id [1123]
[Mon Sep 09 00:17:52 2024]::[MAIN] 
+----+----------------------------------------------------------------+
| Id | Shares | Symbol |  Order | Total Amount | Date                 |
+----+----------------------------------------------------------------+
| 1  | 14     | PRV    | BOUGHT | 942.00       | 2024-09-07 18:21:02  |
| 2  | 23     | PNT    | BOUGHT | 1000.00      | 2024-09-07 18:22:32  |
| 3  | 83     | MBU    | BOUGHT | 600.00       | 2024-09-07 18:25:34  |
| 4  | 51     | UUE    | BOUGHT | 343.00       | 2024-09-07 18:28:25  |
| 5  | 26     | PEW    | BOUGHT | 799.00       | 2024-09-07 18:28:28  |
| 6  | 50     | SIC    | SOLD   | 566.00       | 2024-09-07 18:28:29  |
| 7  | 55     | JZI    | SOLD   | 455.00       | 2024-09-07 18:28:30  |
| 8  | 50     | YOG    | BOUGHT | 511.00       | 2024-09-07 18:33:39  |
| 9  | 89     | DNJ    | SOLD   | 234.00       | 2024-09-07 18:33:43  |
| 10 | 12     | OEC    | SOLD   | 532.00       | 2024-09-07 18:34:05  |
| 11 | 41     | CMP    | SELL   | 909.00       | 2024-09-07 18:55:39  |
| 12 | 56     | SMO    | SELL   | 311.00       | 2024-09-07 19:00:12  |
| 13 | 89     | WXA    | BOUGHT | 685.00       | 2024-09-07 20:42:11  |
| 14 | 12     | DHN    | BOUGHT | 12423.00     | 2024-09-07 21:12:09  |
| 15 | 15     | ATM    | BOUGHT | 444.00       | 2024-09-07 21:18:25  |

[Mon Sep 09 00:18:04 2024]::[MAIN] handleEditTrade::printing details of trade:[1] by user id [1123]
[Mon Sep 09 00:18:04 2024]::[MAIN] 
+----+----------------------------------------------------------------+
| Id | Shares | Symbol |  Order | Total Amount | Date                 |
+----+----------------------------------------------------------------+
| 1  | 14     | PRV    | BOUGHT | 942.00       | 2024-09-07 18:21:02  |

[Mon Sep 09 00:18:20 2024]::[MAIN] handleAdminMenu::printing list of trades by user id [1123]
[Mon Sep 09 00:18:20 2024]::[MAIN] 
+----+----------------------------------------------------------------+
| Id | Shares | Symbol |  Order | Total Amount | Date                 |
+----+----------------------------------------------------------------+
| 1  | 14     | PRV    | BOUGHT | 942.00       | 2024-09-07 18:21:02  |
| 2  | 23     | PNT    | BOUGHT | 1000.00      | 2024-09-07 18:22:32  |
| 3  | 83     | MBU    | BOUGHT | 600.00       | 2024-09-07 18:25:34  |
| 4  | 51     | UUE    | BOUGHT | 343.00       | 2024-09-07 18:28:25  |
| 5  | 26     | PEW    | BOUGHT | 799.00       | 2024-09-07 18:28:28  |
| 6  | 50     | SIC    | SOLD   | 566.00       | 2024-09-07 18:28:29  |
| 7  | 55     | JZI    | SOLD   | 455.00       | 2024-09-07 18:28:30  |
| 8  | 50     | YOG    | BOUGHT | 511.00       | 2024-09-07 18:33:39  |
| 9  | 89     | DNJ    | SOLD   | 234.00       | 2024-09-07 18:33:43  |
| 10 | 12     | OEC    | SOLD   | 532.00       | 2024-09-07 18:34:05  |
| 11 | 41     | CMP    | SELL   | 909.00       | 2024-09-07 18:55:39  |
| 12 | 56     | SMO    | SELL   | 311.00       | 2024-09-07 19:00:12  |
| 13 | 89     | WXA    | BOUGHT | 685.00       | 2024-09-07 20:42:11  |
| 14 | 12     | DHN    | BOUGHT | 12423.00     | 2024-09-07 21:12:09  |
| 15 | 15     | ATM    | BOUGHT | 444.00       | 2024-09-07 21:18:25  |

[Mon Sep 09 00:18:32 2024]::[MAIN] handleEditTrade::printing details of trade:[2] by user id [1123]
[Mon Sep 09 00:18:32 2024]::[MAIN] 
+----+----------------------------------------------------------------+
| Id | Shares | Symbol |  Order | Total Amount | Date                 |
+----+----------------------------------------------------------------+
| 2  | 23     | PNT    | BOUGHT | 1000.00      | 2024-09-07 18:22:32  |

[Mon Sep 09 00:18:54 2024]::[MAIN] handleAdminMenu::printing list of trades by user id [1123]
[Mon Sep 09 00:18:54 2024]::[MAIN] 
+----+----------------------------------------------------------------+
| Id | Shares | Symbol |  Order | Total Amount | Date                 |
+----+----------------------------------------------------------------+
| 1  | 14     | PRV    | BOUGHT | 942.00       | 2024-09-07 18:21:02  |
| 2  | 23     | PNT    | BOUGHT | 1000.00      | 2024-09-07 18:22:32  |
| 3  | 83     | MBU    | BOUGHT | 600.00       | 2024-09-07 18:25:34  |
| 4  | 51     | UUE    | BOUGHT | 343.00       | 2024-09-07 18:28:25  |
| 5  | 26     | PEW    | BOUGHT | 799.00       | 2024-09-07 18:28:28  |
| 6  | 50     | SIC    | SOLD   | 566.00       | 2024-09-07 18:28:29  |
| 7  | 55     | JZI    | SOLD   | 455.00       | 2024-09-07 18:28:30  |
| 8  | 50     | YOG    | BOUGHT | 511.00       | 2024-09-07 18:33:39  |
| 9  | 89     | DNJ    | SOLD   | 234.00       | 2024-09-07 18:33:43  |
| 10 | 12     | OEC    | SOLD   | 532.00       | 2024-09-07 18:34:05  |
| 11 | 41     | CMP    | SELL   | 909.00       | 2024-09-07 18:55:39  |
| 12 | 56     | SMO    | SELL   | 311.00       | 2024-09-07 19:00:12  |
| 13 | 89     | WXA    | BOUGHT | 685.00       | 2024-09-07 20:42:11  |
| 14 | 12     | DHN    | BOUGHT | 12423.00     | 2024-09-07 21:12:09  |
| 15 | 15     | ATM    | BOUGHT | 444.00       | 2024-09-07 21:18:25  |

[Mon Sep 09 00:19:02 2024]::[MAIN] handleEditTrade::printing details of trade:[2] by user id [1123]
[Mon Sep 09 00:19:02 2024]::[MAIN] 
+----+----------------------------------------------------------------+
| Id | Shares | Symbol |  Order | Total Amount | Date                 |
+----+----------------------------------------------------------------+
| 2  | 23     | PNT    | BOUGHT | 1000.00      | 2024-09-07 18:22:32  |

Log file created/initialized at: Sun Sep 08 19:46:31 2024
[Mon Sep 09 00:21:04 2024]::[MAIN] Sign-in successful with user id [admin]
[Mon Sep 09 00:21:09 2024]::[MAIN] handleAdminMenu::printing list of trades by user id [1123]
[Mon Sep 09 00:21:09 2024]::[MAIN] 
+----+----------------------------------------------------------------+
| Id | Shares | Symbol |  Order | Total Amount | Date                 |
+----+----------------------------------------------------------------+
| 1  | 14     | PRV    | BOUGHT | 942.00       | 2024-09-07 18:21:02  |
| 2  | 23     | PNT    | BOUGHT | 1000.00      | 2024-09-07 18:22:32  |
| 3  | 83     | MBU    | BOUGHT | 600.00       | 2024-09-07 18:25:34  |
| 4  | 51     | UUE    | BOUGHT | 343.00       | 2024-09-07 18:28:25  |
| 5  | 26     | PEW    | BOUGHT | 799.00       | 2024-09-07 18:28:28  |
| 6  | 50     | SIC    | SOLD   | 566.00       | 2024-09-07 18:28:29  |
| 7  | 55     | JZI    | SOLD   | 455.00       | 2024-09-07 18:28:30  |
| 8  | 50     | YOG    | BOUGHT | 511.00       | 2024-09-07 18:33:39  |
| 9  | 89     | DNJ    | SOLD   | 234.00       | 2024-09-07 18:33:43  |
| 10 | 12     | OEC    | SOLD   | 532.00       | 2024-09-07 18:34:05  |
| 11 | 41     | CMP    | SELL   | 909.00       | 2024-09-07 18:55:39  |
| 12 | 56     | SMO    | SELL   | 311.00       | 2024-09-07 19:00:12  |
| 13 | 89     | WXA    | BOUGHT | 685.00       | 2024-09-07 20:42:11  |
| 14 | 12     | DHN    | BOUGHT | 12423.00     | 2024-09-07 21:12:09  |
| 15 | 15     | ATM    | BOUGHT | 444.00       | 2024-09-07 21:18:25  |

[Mon Sep 09 00:21:13 2024]::[MAIN] handleEditTrade::printing details of trade:[2] by user id [1123]
[Mon Sep 09 00:21:13 2024]::[MAIN] 
+----+----------------------------------------------------------------+
| Id | Shares | Symbol |  Order | Total Amount | Date                 |
+----+----------------------------------------------------------------+
| 2  | 23     | PNT    | BOUGHT | 1000.00      | 2024-09-07 18:22:32  |

[Mon Sep 09 00:24:25 2024]::[MAIN] handleAdminMenu::printing list of trades by user id [1123]
[Mon Sep 09 00:24:25 2024]::[MAIN] 
+----+----------------------------------------------------------------+
| Id | Shares | Symbol |  Order | Total Amount | Date                 |
+----+----------------------------------------------------------------+
| 1  | 14     | PRV    | BOUGHT | 942.00       | 2024-09-07 18:21:02  |
| 2  | 23     | PNT    | BOUGHT | 1000.00      | 2024-09-07 18:22:32  |
| 3  | 83     | MBU    | BOUGHT | 600.00       | 2024-09-07 18:25:34  |
| 4  | 51     | UUE    | BOUGHT | 343.00       | 2024-09-07 18:28:25  |
| 5  | 26     | PEW    | BOUGHT | 799.00       | 2024-09-07 18:28:28  |
| 6  | 50     | SIC    | SOLD   | 566.00       | 2024-09-07 18:28:29  |
| 7  | 55     | JZI    | SOLD   | 455.00       | 2024-09-07 18:28:30  |
| 8  | 50     | YOG    | BOUGHT | 511.00       | 2024-09-07 18:33:39  |
| 9  | 89     | DNJ    | SOLD   | 234.00       | 2024-09-07 18:33:43  |
| 10 | 12     | OEC    | SOLD   | 532.00       | 2024-09-07 18:34:05  |
| 11 | 41     | CMP    | SELL   | 909.00       | 2024-09-07 18:55:39  |
| 12 | 56     | SMO    | SELL   | 311.00       | 2024-09-07 19:00:12  |
| 13 | 89     | WXA    | BOUGHT | 685.00       | 2024-09-07 20:42:11  |
| 14 | 12     | DHN    | BOUGHT | 12423.00     | 2024-09-07 21:12:09  |
| 15 | 15     | ATM    | BOUGHT | 444.00       | 2024-09-07 21:18:25  |

[Mon Sep 09 00:24:30 2024]::[MAIN] handleEditTrade::printing details of trade:[2] by user id [1123]
[Mon Sep 09 00:24:30 2024]::[MAIN] 
+----+----------------------------------------------------------------+
| Id | Shares | Symbol |  Order | Total Amount | Date                 |
+----+----------------------------------------------------------------+
| 2  | 23     | PNT    | BOUGHT | 1000.00      | 2024-09-07 18:22:32  |

Log file created/initialized at: Sun Sep 08 19:46:31 2024
[Mon Sep 09 00:46:29 2024]::[MAIN] Sign-in successful with user id [1123]
[Mon Sep 09 00:46:35 2024]::[MAIN] handleUserMenu::User[1123] bought shares of [25] with amount of [158.00] with trade id[16]
[Mon Sep 09 00:48:27 2024]::[MAIN] handleUserMenu::User[1123] bought shares of [32] with amount of [245.00] with trade id[17]
Log file created/initialized at: Sun Sep 08 19:46:31 2024
[Mon Sep 09 00:55:19 2024]::[MAIN] Sign-in successful with user id [1123]
Log file created/initialized at: Sun Sep 08 19:46:31 2024
[Mon Sep 09 01:00:38 2024]::[MAIN] Sign-in successful with user id [1123]
[Mon Sep 09 01:00:45 2024]::[MAIN] handleUserTradeMenu::printing list of trades by user id [1123]
[Mon Sep 09 01:00:45 2024]::[MAIN] 
+----+----------------------------------------------------------------+
| Id | Shares | Symbol |  Order | Total Amount | Date                 |
+----+----------------------------------------------------------------+
| 1  | 14     | PRV    | BOUGHT | 942.00       | 2024-09-07 18:21:02  |
| 2  | 23     | PNT    | BOUGHT | 1000.00      | 2024-09-07 18:22:32  |
| 3  | 83     | MBU    | BOUGHT | 600.00       | 2024-09-07 18:25:34  |
| 4  | 51     | UUE    | BOUGHT | 343.00       | 2024-09-07 18:28:25  |
| 5  | 26     | PEW    | BOUGHT | 799.00       | 2024-09-07 18:28:28  |
| 6  | 50     | SIC    | SOLD   | 566.00       | 2024-09-07 18:28:29  |
| 7  | 55     | JZI    | SOLD   | 455.00       | 2024-09-07 18:28:30  |
| 8  | 50     | YOG    | BOUGHT | 511.00       | 2024-09-07 18:33:39  |
| 9  | 89     | DNJ    | SOLD   | 234.00       | 2024-09-07 18:33:43  |
| 10 | 12     | OEC    | SOLD   | 532.00       | 2024-09-07 18:34:05  |
| 11 | 41     | CMP    | SELL   | 909.00       | 2024-09-07 18:55:39  |
| 12 | 56     | SMO    | SELL   | 311.00       | 2024-09-07 19:00:12  |
| 13 | 89     | WXA    | BOUGHT | 685.00       | 2024-09-07 20:42:11  |
| 14 | 12     | DHN    | BOUGHT | 12423.00     | 2024-09-07 21:12:09  |
| 15 | 15     | ATM    | BOUGHT | 444.00       | 2024-09-07 21:18:25  |
| 16 | 25     | UCQ    | BOUGHT | 158.00       | 2024-09-09 00:46:35  |
| 17 | 32     | KJT    | SELL   | 245.00       | 2024-09-09 00:48:27  |

Log file created/initialized at: Sun Sep 08 19:46:31 2024
[Mon Sep 09 09:00:02 2024]::[MAIN] Sign-in successful with user id [1123]
[Mon Sep 09 09:00:07 2024]::[MAIN] handleUserTradeMenu::printing list of trades by user id [1123]
[Mon Sep 09 09:00:07 2024]::[MAIN] 
+----+----------------------------------------------------------------+
| Id | Shares | Symbol |  Order | Total Amount | Date                 |
+----+----------------------------------------------------------------+
| 1  | 14     | PRV    | BOUGHT | 942.00       | 2024-09-07 18:21:02  |
| 2  | 23     | PNT    | BOUGHT | 1000.00      | 2024-09-07 18:22:32  |
| 3  | 83     | MBU    | BOUGHT | 600.00       | 2024-09-07 18:25:34  |
| 4  | 51     | UUE    | BOUGHT | 343.00       | 2024-09-07 18:28:25  |
| 5  | 26     | PEW    | BOUGHT | 799.00       | 2024-09-07 18:28:28  |
| 6  | 50     | SIC    | SOLD   | 566.00       | 2024-09-07 18:28:29  |
| 7  | 55     | JZI    | SOLD   | 455.00       | 2024-09-07 18:28:30  |
| 8  | 50     | YOG    | BOUGHT | 511.00       | 2024-09-07 18:33:39  |
| 9  | 89     | DNJ    | SOLD   | 234.00       | 2024-09-07 18:33:43  |
| 10 | 12     | OEC    | SOLD   | 532.00       | 2024-09-07 18:34:05  |
| 11 | 41     | CMP    | SELL   | 909.00       | 2024-09-07 18:55:39  |
| 12 | 56     | SMO    | SELL   | 311.00       | 2024-09-07 19:00:12  |
| 13 | 89     | WXA    | BOUGHT | 685.00       | 2024-09-07 20:42:11  |
| 14 | 12     | DHN    | BOUGHT | 12423.00     | 2024-09-07 21:12:09  |
| 15 | 15     | ATM    | BOUGHT | 444.00       | 2024-09-07 21:18:25  |
| 16 | 25     | UCQ    | BOUGHT | 158.00       | 2024-09-09 00:46:35  |
| 17 | 32     | KJT    | SELL   | 245.00       | 2024-09-09 00:48:27  |

Log file created/initialized at: Sun Sep 08 19:46:31 2024
[Mon Sep 09 09:00:53 2024]::[MAIN] Sign-in successful with user id [1123]
[Mon Sep 09 09:00:57 2024]::[MAIN] handleUserTradeMenu::printing list of trades by user id [1123]
[Mon Sep 09 09:00:57 2024]::[MAIN] 
+----+----------------------------------------------------------------+
| Id | Shares | Symbol |  Order | Total Amount | Date                 |
+----+----------------------------------------------------------------+
| 1  | 14     | PRV    | BOUGHT | 942.00       | 2024-09-07 18:21:02  |
| 2  | 23     | PNT    | BOUGHT | 1000.00      | 2024-09-07 18:22:32  |
| 3  | 83     | MBU    | BOUGHT | 600.00       | 2024-09-07 18:25:34  |
| 4  | 51     | UUE    | BOUGHT | 343.00       | 2024-09-07 18:28:25  |
| 5  | 26     | PEW    | BOUGHT | 799.00       | 2024-09-07 18:28:28  |
| 6  | 50     | SIC    | SOLD   | 566.00       | 2024-09-07 18:28:29  |
| 7  | 55     | JZI    | SOLD   | 455.00       | 2024-09-07 18:28:30  |
| 8  | 50     | YOG    | BOUGHT | 511.00       | 2024-09-07 18:33:39  |
| 9  | 89     | DNJ    | SOLD   | 234.00       | 2024-09-07 18:33:43  |
| 10 | 12     | OEC    | SOLD   | 532.00       | 2024-09-07 18:34:05  |
| 11 | 41     | CMP    | SELL   | 909.00       | 2024-09-07 18:55:39  |
| 12 | 56     | SMO    | SELL   | 311.00       | 2024-09-07 19:00:12  |
| 13 | 89     | WXA    | BOUGHT | 685.00       | 2024-09-07 20:42:11  |
| 14 | 12     | DHN    | BOUGHT | 12423.00     | 2024-09-07 21:12:09  |
| 15 | 15     | ATM    | BOUGHT | 444.00       | 2024-09-07 21:18:25  |
| 16 | 25     | UCQ    | BOUGHT | 158.00       | 2024-09-09 00:46:35  |
| 17 | 32     | KJT    | SELL   | 245.00       | 2024-09-09 00:48:27  |

Log file created/initialized at: Sun Sep 08 19:46:31 2024
[Mon Sep 09 09:04:54 2024]::[MAIN] Sign-in successful with user id [1123]
[Mon Sep 09 09:07:20 2024]::[MAIN] handleUserTradeMenu::printing list of trades by user id [1123]
[Mon Sep 09 09:07:20 2024]::[MAIN] 
+----+----------------------------------------------------------------+
| Id | Shares | Symbol |  Order | Total Amount | Date                 |
+----+----------------------------------------------------------------+
| 1  | 14     | PRV    | BOUGHT | 942.00       | 2024-09-07 18:21:02  |
| 2  | 23     | PNT    | BOUGHT | 1000.00      | 2024-09-07 18:22:32  |
| 3  | 83     | MBU    | BOUGHT | 600.00       | 2024-09-07 18:25:34  |
| 4  | 51     | UUE    | BOUGHT | 343.00       | 2024-09-07 18:28:25  |
| 5  | 26     | PEW    | BOUGHT | 799.00       | 2024-09-07 18:28:28  |
| 6  | 50     | SIC    | SOLD   | 566.00       | 2024-09-07 18:28:29  |
| 7  | 55     | JZI    | SOLD   | 455.00       | 2024-09-07 18:28:30  |
| 8  | 50     | YOG    | BOUGHT | 511.00       | 2024-09-07 18:33:39  |
| 9  | 89     | DNJ    | SOLD   | 234.00       | 2024-09-07 18:33:43  |
| 10 | 12     | OEC    | SOLD   | 532.00       | 2024-09-07 18:34:05  |
| 11 | 41     | CMP    | SELL   | 909.00       | 2024-09-07 18:55:39  |
| 12 | 56     | SMO    | SELL   | 311.00       | 2024-09-07 19:00:12  |
| 13 | 89     | WXA    | BOUGHT | 685.00       | 2024-09-07 20:42:11  |
| 14 | 12     | DHN    | BOUGHT | 12423.00     | 2024-09-07 21:12:09  |
| 15 | 15     | ATM    | BOUGHT | 444.00       | 2024-09-07 21:18:25  |
| 16 | 25     | UCQ    | BOUGHT | 158.00       | 2024-09-09 00:46:35  |
| 17 | 32     | KJT    | SELL   | 245.00       | 2024-09-09 00:48:27  |

[Mon Sep 09 09:07:31 2024]::[MAIN] handleUserTradeMenu::printing list of trades by user id [1123]
[Mon Sep 09 09:07:31 2024]::[MAIN] 
+----+----------------------------------------------------------------+
| Id | Shares | Symbol |  Order | Total Amount | Date                 |
+----+----------------------------------------------------------------+
| 1  | 14     | PRV    | BOUGHT | 942.00       | 2024-09-07 18:21:02  |
| 2  | 23     | PNT    | BOUGHT | 1000.00      | 2024-09-07 18:22:32  |
| 3  | 83     | MBU    | BOUGHT | 600.00       | 2024-09-07 18:25:34  |
| 4  | 51     | UUE    | BOUGHT | 343.00       | 2024-09-07 18:28:25  |
| 5  | 26     | PEW    | BOUGHT | 799.00       | 2024-09-07 18:28:28  |
| 6  | 50     | SIC    | SOLD   | 566.00       | 2024-09-07 18:28:29  |
| 7  | 55     | JZI    | SOLD   | 455.00       | 2024-09-07 18:28:30  |
| 8  | 50     | YOG    | BOUGHT | 511.00       | 2024-09-07 18:33:39  |
| 9  | 89     | DNJ    | SOLD   | 234.00       | 2024-09-07 18:33:43  |
| 10 | 12     | OEC    | SOLD   | 532.00       | 2024-09-07 18:34:05  |
| 11 | 41     | CMP    | SELL   | 909.00       | 2024-09-07 18:55:39  |
| 12 | 56     | SMO    | SELL   | 311.00       | 2024-09-07 19:00:12  |
| 13 | 89     | WXA    | BOUGHT | 685.00       | 2024-09-07 20:42:11  |
| 14 | 12     | DHN    | BOUGHT | 12423.00     | 2024-09-07 21:12:09  |
| 15 | 15     | ATM    | BOUGHT | 444.00       | 2024-09-07 21:18:25  |
| 16 | 25     | UCQ    | BOUGHT | 158.00       | 2024-09-09 00:46:35  |
| 17 | 32     | KJT    | SELL   | 245.00       | 2024-09-09 00:48:27  |

[Mon Sep 09 09:07:56 2024]::[MAIN] handleUserMenu::User[1123] had successfully logout
[Mon Sep 09 09:08:00 2024]::[MAIN] Sign-in successful with user id [1123]
Log file created/initialized at: Sun Sep 08 19:46:31 2024
[Mon Sep 09 09:08:46 2024]::[MAIN] Sign-in successful with user id [1123]
Log file created/initialized at: Sun Sep 08 19:46:31 2024
[Mon Sep 09 09:09:50 2024]::[MAIN] Sign-in successful with user id [1123]
Log file created/initialized at: Sun Sep 08 19:46:31 2024
[Mon Sep 09 09:10:49 2024]::[MAIN] Sign-in successful with user id [1123]
[Mon Sep 09 09:11:19 2024]::[MAIN] handleUserMenu::User[1123] bought shares of [38] with amount of [208.00] with trade id[18]
Log file created/initialized at: Sun Sep 08 19:46:31 2024
[Mon Sep 09 09:13:59 2024]::[MAIN] Sign-in successful with user id [1123]
[Mon Sep 09 09:14:10 2024]::[MAIN] handleUserTradeMenu::printing list of trades by user id [1123]
[Mon Sep 09 09:14:10 2024]::[MAIN] 
+----+----------------------------------------------------------------+
| Id | Shares | Symbol |  Order | Total Amount | Date                 |
+----+----------------------------------------------------------------+
| 1  | 14     | PRV    | BOUGHT | 942.00       | 2024-09-07 18:21:02  |
| 2  | 23     | PNT    | BOUGHT | 1000.00      | 2024-09-07 18:22:32  |
| 3  | 83     | MBU    | BOUGHT | 600.00       | 2024-09-07 18:25:34  |
| 4  | 51     | UUE    | BOUGHT | 343.00       | 2024-09-07 18:28:25  |
| 5  | 26     | PEW    | BOUGHT | 799.00       | 2024-09-07 18:28:28  |
| 6  | 50     | SIC    | SOLD   | 566.00       | 2024-09-07 18:28:29  |
| 7  | 55     | JZI    | SOLD   | 455.00       | 2024-09-07 18:28:30  |
| 8  | 50     | YOG    | BOUGHT | 511.00       | 2024-09-07 18:33:39  |
| 9  | 89     | DNJ    | SOLD   | 234.00       | 2024-09-07 18:33:43  |
| 10 | 12     | OEC    | SOLD   | 532.00       | 2024-09-07 18:34:05  |
| 11 | 41     | CMP    | SELL   | 909.00       | 2024-09-07 18:55:39  |
| 12 | 56     | SMO    | SELL   | 311.00       | 2024-09-07 19:00:12  |
| 13 | 89     | WXA    | BOUGHT | 685.00       | 2024-09-07 20:42:11  |
| 14 | 12     | DHN    | BOUGHT | 12423.00     | 2024-09-07 21:12:09  |
| 15 | 15     | ATM    | BOUGHT | 444.00       | 2024-09-07 21:18:25  |
| 16 | 25     | UCQ    | BOUGHT | 158.00       | 2024-09-09 00:46:35  |
| 17 | 32     | KJT    | SELL   | 245.00       | 2024-09-09 00:48:27  |
| 18 | 38     | AZQ    | BOUGHT | 208.00       | 2024-09-09 09:11:19  |

Log file created/initialized at: Sun Sep 08 19:46:31 2024
[Mon Sep 09 09:16:18 2024]::[MAIN] Sign-in successful with user id [1123]
[Mon Sep 09 09:16:37 2024]::[MAIN] handleUserTradeMenu::printing list of trades by user id [1123]
[Mon Sep 09 09:16:37 2024]::[MAIN] 
+----+----------------------------------------------------------------+
| Id | Shares | Symbol |  Order | Total Amount | Date                 |
+----+----------------------------------------------------------------+
| 1  | 14     | PRV    | BOUGHT | 942.00       | 2024-09-07 18:21:02  |
| 2  | 23     | PNT    | BOUGHT | 1000.00      | 2024-09-07 18:22:32  |
| 3  | 83     | MBU    | BOUGHT | 600.00       | 2024-09-07 18:25:34  |
| 4  | 51     | UUE    | BOUGHT | 343.00       | 2024-09-07 18:28:25  |
| 5  | 26     | PEW    | BOUGHT | 799.00       | 2024-09-07 18:28:28  |
| 6  | 50     | SIC    | SOLD   | 566.00       | 2024-09-07 18:28:29  |
| 7  | 55     | JZI    | SOLD   | 455.00       | 2024-09-07 18:28:30  |
| 8  | 50     | YOG    | BOUGHT | 511.00       | 2024-09-07 18:33:39  |
| 9  | 89     | DNJ    | SOLD   | 234.00       | 2024-09-07 18:33:43  |
| 10 | 12     | OEC    | SOLD   | 532.00       | 2024-09-07 18:34:05  |
| 11 | 41     | CMP    | SELL   | 909.00       | 2024-09-07 18:55:39  |
| 12 | 56     | SMO    | SELL   | 311.00       | 2024-09-07 19:00:12  |
| 13 | 89     | WXA    | BOUGHT | 685.00       | 2024-09-07 20:42:11  |
| 14 | 12     | DHN    | BOUGHT | 12423.00     | 2024-09-07 21:12:09  |
| 15 | 15     | ATM    | BOUGHT | 444.00       | 2024-09-07 21:18:25  |
| 16 | 25     | UCQ    | BOUGHT | 158.00       | 2024-09-09 00:46:35  |
| 17 | 32     | KJT    | SELL   | 245.00       | 2024-09-09 00:48:27  |
| 18 | 38     | AZQ    | BOUGHT | 208.00       | 2024-09-09 09:11:19  |

[Mon Sep 09 09:16:50 2024]::[MAIN] handleUserTradeMenu::printing list of trades by user id [1123]
[Mon Sep 09 09:16:50 2024]::[MAIN] 
+----+----------------------------------------------------------------+
| Id | Shares | Symbol |  Order | Total Amount | Date                 |
+----+----------------------------------------------------------------+
| 1  | 14     | PRV    | BOUGHT | 942.00       | 2024-09-07 18:21:02  |
| 2  | 23     | PNT    | BOUGHT | 1000.00      | 2024-09-07 18:22:32  |
| 3  | 83     | MBU    | BOUGHT | 600.00       | 2024-09-07 18:25:34  |
| 4  | 51     | UUE    | BOUGHT | 343.00       | 2024-09-07 18:28:25  |
| 5  | 26     | PEW    | BOUGHT | 799.00       | 2024-09-07 18:28:28  |
| 6  | 50     | SIC    | SOLD   | 566.00       | 2024-09-07 18:28:29  |
| 7  | 55     | JZI    | SOLD   | 455.00       | 2024-09-07 18:28:30  |
| 8  | 50     | YOG    | BOUGHT | 511.00       | 2024-09-07 18:33:39  |
| 9  | 89     | DNJ    | SOLD   | 234.00       | 2024-09-07 18:33:43  |
| 10 | 12     | OEC    | SOLD   | 532.00       | 2024-09-07 18:34:05  |
| 11 | 41     | CMP    | SELL   | 909.00       | 2024-09-07 18:55:39  |
| 12 | 56     | SMO    | SELL   | 311.00       | 2024-09-07 19:00:12  |
| 13 | 89     | WXA    | BOUGHT | 685.00       | 2024-09-07 20:42:11  |
| 14 | 12     | DHN    | BOUGHT | 12423.00     | 2024-09-07 21:12:09  |
| 15 | 15     | ATM    | BOUGHT | 444.00       | 2024-09-07 21:18:25  |
| 16 | 25     | UCQ    | BOUGHT | 158.00       | 2024-09-09 00:46:35  |
| 17 | 32     | KJT    | SELL   | 245.00       | 2024-09-09 00:48:27  |
| 18 | 38     | AZQ    | BOUGHT | 208.00       | 2024-09-09 09:11:19  |

Log file created/initialized at: Sun Sep 08 19:46:31 2024
[Mon Sep 09 09:29:01 2024]::[MAIN] Sign-in successful with user id [1123]
[Mon Sep 09 09:29:13 2024]::[MAIN] handleUserTradeMenu::printing list of trades by user id [1123]
[Mon Sep 09 09:29:13 2024]::[MAIN] 
+----+----------------------------------------------------------------+
| Id | Shares | Symbol |  Order | Total Amount | Date                 |
+----+----------------------------------------------------------------+
| 1  | 14     | PRV    | BOUGHT | 942.00       | 2024-09-07 18:21:02  |
| 2  | 23     | PNT    | BOUGHT | 1000.00      | 2024-09-07 18:22:32  |
| 3  | 83     | MBU    | BOUGHT | 600.00       | 2024-09-07 18:25:34  |
| 4  | 51     | UUE    | BOUGHT | 343.00       | 2024-09-07 18:28:25  |
| 5  | 26     | PEW    | BOUGHT | 799.00       | 2024-09-07 18:28:28  |
| 6  | 50     | SIC    | SOLD   | 566.00       | 2024-09-07 18:28:29  |
| 7  | 55     | JZI    | SOLD   | 455.00       | 2024-09-07 18:28:30  |
| 8  | 50     | YOG    | BOUGHT | 511.00       | 2024-09-07 18:33:39  |
| 9  | 89     | DNJ    | SOLD   | 234.00       | 2024-09-07 18:33:43  |
| 10 | 12     | OEC    | SOLD   | 532.00       | 2024-09-07 18:34:05  |
| 11 | 41     | CMP    | SELL   | 909.00       | 2024-09-07 18:55:39  |
| 12 | 56     | SMO    | SELL   | 311.00       | 2024-09-07 19:00:12  |
| 13 | 89     | WXA    | BOUGHT | 685.00       | 2024-09-07 20:42:11  |
| 14 | 12     | DHN    | BOUGHT | 12423.00     | 2024-09-07 21:12:09  |
| 15 | 15     | ATM    | BOUGHT | 444.00       | 2024-09-07 21:18:25  |
| 16 | 25     | UCQ    | BOUGHT | 158.00       | 2024-09-09 00:46:35  |
| 17 | 32     | KJT    | SELL   | 245.00       | 2024-09-09 00:48:27  |
| 18 | 38     | AZQ    | BOUGHT | 208.00       | 2024-09-09 09:11:19  |

[Mon Sep 09 09:29:22 2024]::[MAIN] handleUserTradeMenu::printing list of trades by user id [1123]
[Mon Sep 09 09:29:22 2024]::[MAIN] 
+----+----------------------------------------------------------------+
| Id | Shares | Symbol |  Order | Total Amount | Date                 |
+----+----------------------------------------------------------------+
| 1  | 14     | PRV    | BOUGHT | 942.00       | 2024-09-07 18:21:02  |
| 2  | 23     | PNT    | BOUGHT | 1000.00      | 2024-09-07 18:22:32  |
| 3  | 83     | MBU    | BOUGHT | 600.00       | 2024-09-07 18:25:34  |
| 4  | 51     | UUE    | BOUGHT | 343.00       | 2024-09-07 18:28:25  |
| 5  | 26     | PEW    | BOUGHT | 799.00       | 2024-09-07 18:28:28  |
| 6  | 50     | SIC    | SOLD   | 566.00       | 2024-09-07 18:28:29  |
| 7  | 55     | JZI    | SOLD   | 455.00       | 2024-09-07 18:28:30  |
| 8  | 50     | YOG    | BOUGHT | 511.00       | 2024-09-07 18:33:39  |
| 9  | 89     | DNJ    | SOLD   | 234.00       | 2024-09-07 18:33:43  |
| 10 | 12     | OEC    | SOLD   | 532.00       | 2024-09-07 18:34:05  |
| 11 | 41     | CMP    | SELL   | 909.00       | 2024-09-07 18:55:39  |
| 12 | 56     | SMO    | SELL   | 311.00       | 2024-09-07 19:00:12  |
| 13 | 89     | WXA    | BOUGHT | 685.00       | 2024-09-07 20:42:11  |
| 14 | 12     | DHN    | BOUGHT | 12423.00     | 2024-09-07 21:12:09  |
| 15 | 15     | ATM    | BOUGHT | 444.00       | 2024-09-07 21:18:25  |
| 16 | 25     | UCQ    | BOUGHT | 158.00       | 2024-09-09 00:46:35  |
| 17 | 32     | KJT    | SELL   | 245.00       | 2024-09-09 00:48:27  |
| 18 | 38     | AZQ    | BOUGHT | 208.00       | 2024-09-09 09:11:19  |

Log file created/initialized at: Sun Sep 08 19:46:31 2024
[Mon Sep 09 09:30:53 2024]::[MAIN] Sign-in successful with user id [1123]
Log file created/initialized at: Sun Sep 08 19:46:31 2024
[Mon Sep 09 09:33:28 2024]::[MAIN] Sign-in successful with user id [1123]
[Mon Sep 09 09:40:57 2024]::[MAIN] handleUserMenu::User[1123] had successfully logout
Log file created/initialized at: Sun Sep 08 19:46:31 2024
[Mon Sep 09 09:47:19 2024]::[MAIN] Sign-in successful with user id [1123]
[Mon Sep 09 09:47:22 2024]::[MAIN] handleUserMenu::User[1123] had successfully logout
[Mon Sep 09 09:47:38 2024]::[MAIN] Sign-in successful with user id [admin]
[Mon Sep 09 09:47:40 2024]::[MAIN] handleAdminMenu::Admin Logout
Log file created/initialized at: Sun Sep 08 19:46:31 2024
[Mon Sep 09 09:50:42 2024]::[MAIN] Sign-in successful with user id [1123]
[Mon Sep 09 09:51:23 2024]::[MAIN] handleUserTradeMenu::printing list of trades by user id [1123]
[Mon Sep 09 09:51:23 2024]::[MAIN] 
+----+----------------------------------------------------------------+
| Id | Shares | Symbol |  Order | Total Amount | Date                 |
+----+----------------------------------------------------------------+
| 1  | 14     | PRV    | BOUGHT | 942.00       | 2024-09-07 18:21:02  |
| 2  | 23     | PNT    | BOUGHT | 1000.00      | 2024-09-07 18:22:32  |
| 3  | 83     | MBU    | BOUGHT | 600.00       | 2024-09-07 18:25:34  |
| 4  | 51     | UUE    | BOUGHT | 343.00       | 2024-09-07 18:28:25  |
| 5  | 26     | PEW    | BOUGHT | 799.00       | 2024-09-07 18:28:28  |
| 6  | 50     | SIC    | SOLD   | 566.00       | 2024-09-07 18:28:29  |
| 7  | 55     | JZI    | SOLD   | 455.00       | 2024-09-07 18:28:30  |
| 8  | 50     | YOG    | BOUGHT | 511.00       | 2024-09-07 18:33:39  |
| 9  | 89     | DNJ    | SOLD   | 234.00       | 2024-09-07 18:33:43  |
| 10 | 12     | OEC    | SOLD   | 532.00       | 2024-09-07 18:34:05  |
| 11 | 41     | CMP    | SELL   | 909.00       | 2024-09-07 18:55:39  |
| 12 | 56     | SMO    | SELL   | 311.00       | 2024-09-07 19:00:12  |
| 13 | 89     | WXA    | BOUGHT | 685.00       | 2024-09-07 20:42:11  |
| 14 | 12     | DHN    | BOUGHT | 12423.00     | 2024-09-07 21:12:09  |
| 15 | 15     | ATM    | BOUGHT | 444.00       | 2024-09-07 21:18:25  |
| 16 | 25     | UCQ    | BOUGHT | 158.00       | 2024-09-09 00:46:35  |
| 17 | 32     | KJT    | SELL   | 245.00       | 2024-09-09 00:48:27  |
| 18 | 38     | AZQ    | BOUGHT | 208.00       | 2024-09-09 09:11:19  |

[Mon Sep 09 09:51:56 2024]::[MAIN] handleUserTradeMenu::printing list of trades by user id [1123]
[Mon Sep 09 09:51:56 2024]::[MAIN] 
+----+----------------------------------------------------------------+
| Id | Shares | Symbol |  Order | Total Amount | Date                 |
+----+----------------------------------------------------------------+
| 16 | 25     | UCQ    | BOUGHT | 158.00       | 2024-09-09 00:46:35  |
| 17 | 32     | KJT    | SELL   | 245.00       | 2024-09-09 00:48:27  |
| 18 | 38     | AZQ    | BOUGHT | 208.00       | 2024-09-09 09:11:19  |

[Mon Sep 09 09:52:49 2024]::[MAIN] handleUserTradeMenu::printing list of trades by user id [1123]
[Mon Sep 09 09:52:49 2024]::[MAIN] 
+----+----------------------------------------------------------------+
| Id | Shares | Symbol |  Order | Total Amount | Date                 |
+----+----------------------------------------------------------------+
| 1  | 14     | PRV    | BOUGHT | 942.00       | 2024-09-07 18:21:02  |
| 2  | 23     | PNT    | BOUGHT | 1000.00      | 2024-09-07 18:22:32  |
| 3  | 83     | MBU    | BOUGHT | 600.00       | 2024-09-07 18:25:34  |
| 4  | 51     | UUE    | BOUGHT | 343.00       | 2024-09-07 18:28:25  |
| 5  | 26     | PEW    | BOUGHT | 799.00       | 2024-09-07 18:28:28  |
| 6  | 50     | SIC    | SOLD   | 566.00       | 2024-09-07 18:28:29  |
| 7  | 55     | JZI    | SOLD   | 455.00       | 2024-09-07 18:28:30  |
| 8  | 50     | YOG    | BOUGHT | 511.00       | 2024-09-07 18:33:39  |
| 9  | 89     | DNJ    | SOLD   | 234.00       | 2024-09-07 18:33:43  |
| 10 | 12     | OEC    | SOLD   | 532.00       | 2024-09-07 18:34:05  |
| 11 | 41     | CMP    | SELL   | 909.00       | 2024-09-07 18:55:39  |
| 12 | 56     | SMO    | SELL   | 311.00       | 2024-09-07 19:00:12  |
| 13 | 89     | WXA    | BOUGHT | 685.00       | 2024-09-07 20:42:11  |
| 14 | 12     | DHN    | BOUGHT | 12423.00     | 2024-09-07 21:12:09  |
| 15 | 15     | ATM    | BOUGHT | 444.00       | 2024-09-07 21:18:25  |

[Mon Sep 09 09:58:43 2024]::[MAIN] handleUserMenu::User[1123] had successfully logout
Log file created/initialized at: Sun Sep 08 19:46:31 2024
Log file created/initialized at: Sun Sep 08 19:46:31 2024
Log file created/initialized at: Sun Sep 08 19:46:31 2024
Log file created/initialized at: Sun Sep 08 19:46:31 2024
Log file created/initialized at: Sun Sep 08 19:46:31 2024
Log file created/initialized at: Sun Sep 08 19:46:31 2024
[Mon Sep 09 10:50:26 2024]::[MAIN] Registration failed. User ID already exist. [admin]
Log file created/initialized at: Sun Sep 08 19:46:31 2024
[Mon Sep 09 10:54:07 2024]::[MAIN] Registration failed. User ID already exist. [admin]
[Mon Sep 09 10:54:40 2024]::[MAIN] Registration successfull. with user id. [Sven33]
[Mon Sep 09 10:54:48 2024]::[MAIN] Sign-in successful with user id [sven33]
[Mon Sep 09 10:54:59 2024]::[MAIN] No trade records found for user id [sven33]
[Mon Sep 09 10:58:11 2024]::[MAIN] No trade records found for user id [sven33]
Log file created/initialized at: Mon Sep 09 12:07:11 2024
Log file created/initialized at: Mon Sep 09 12:07:11 2024
[Mon Sep 09 13:07:12 2024]::[MAIN] Registration successfull. with user id. [gon12]
Log file created/initialized at: Mon Sep 09 12:07:11 2024
Log file created/initialized at: Mon Sep 09 12:07:11 2024
Log file created/initialized at: Mon Sep 09 12:07:11 2024
Log file created/initialized at: Mon Sep 09 12:07:11 2024
[Mon Sep 09 13:57:53 2024]::[MAIN] Sign-in successful with user id [admin]
[Mon Sep 09 13:59:12 2024]::[MAIN] handleAdminMenu::Admin Logout
Log file created/initialized at: Mon Sep 09 12:07:11 2024
[Mon Sep 09 13:59:34 2024]::[MAIN] Sign-in successful with user id [1123]
[Mon Sep 09 13:59:39 2024]::[MAIN] handleUserMenu::User[1123] bought shares of [78] with amount of [310.00] with trade id[19]
[Mon Sep 09 13:59:41 2024]::[MAIN] handleUserMenu::User[1123] selling shares of [69] with amount of [272.00] with trade id[20]
[Mon Sep 09 14:01:39 2024]::[MAIN] handleUserMenu::User[1123] had successfully logout
Log file created/initialized at: Mon Sep 09 12:07:11 2024
[Mon Sep 09 14:03:36 2024]::[MAIN] Sign-in failed. User ID not found [sven23]
[Mon Sep 09 14:03:49 2024]::[MAIN] Sign-in successful with user id [sven33]
Log file created/initialized at: Mon Sep 09 12:07:11 2024
[Mon Sep 09 14:04:53 2024]::[MAIN] Sign-in failed. User ID not found [dsad]
Log file created/initialized at: Mon Sep 09 12:07:11 2024
[Mon Sep 09 14:32:30 2024]::[MAIN] Sign-in successful with user ID [1123]
[Mon Sep 09 14:32:31 2024]::[MAIN] handleUserMenu::User[1123] bought shares of [31] with amount of [992.00] with trade id[21]
[Mon Sep 09 14:32:34 2024]::[MAIN] handleUserMenu::User[1123] selling shares of [71] with amount of [903.00] with trade id[22]
[Mon Sep 09 14:32:38 2024]::[MAIN] handleUserTradeMenu::printing list of trades by user id [1123]
[Mon Sep 09 14:32:38 2024]::[MAIN] 
+----+----------------------------------------------------------------+
| Id | Shares | Symbol |  Order | Total Amount | Date                 |
+----+----------------------------------------------------------------+

Log file created/initialized at: Mon Sep 09 12:07:11 2024
[Mon Sep 09 14:35:13 2024]::[MAIN] Sign-in successful with user ID [sven33]
[Mon Sep 09 14:35:17 2024]::[MAIN] No trade records found for user id [sven33]
[Mon Sep 09 14:35:23 2024]::[MAIN] handleUserMenu::User[sven33] bought shares of [63] with amount of [629.00] with trade id[23]
[Mon Sep 09 14:35:26 2024]::[MAIN] handleUserMenu::User[sven33] selling shares of [36] with amount of [495.00] with trade id[24]
[Mon Sep 09 14:35:31 2024]::[MAIN] handleUserTradeMenu::printing list of trades by user id [sven33]
[Mon Sep 09 14:35:31 2024]::[MAIN] 
+----+----------------------------------------------------------------+
| Id | Shares | Symbol |  Order | Total Amount | Date                 |
+----+----------------------------------------------------------------+
| 23 | 63     | SSM    | BOUGHT | 629.00       | 2024-09-09 14:35:23  |
| 24 | 36     | NND    | SELL   | 495.00       | 2024-09-09 14:35:26  |

[Mon Sep 09 14:36:10 2024]::[MAIN] handleUserMenu::User[sven33] had successfully logout
[Mon Sep 09 14:36:18 2024]::[MAIN] Sign-in successful with user ID [1123]
[Mon Sep 09 14:36:21 2024]::[MAIN] handleUserTradeMenu::printing list of trades by user id [1123]
[Mon Sep 09 14:36:21 2024]::[MAIN] 
+----+----------------------------------------------------------------+
| Id | Shares | Symbol |  Order | Total Amount | Date                 |
+----+----------------------------------------------------------------+
| 1  | 14     | PRV    | BOUGHT | 942.00       | 2024-09-07 18:21:02  |
| 2  | 23     | PNT    | BOUGHT | 1000.00      | 2024-09-07 18:22:32  |
| 3  | 83     | MBU    | BOUGHT | 600.00       | 2024-09-07 18:25:34  |
| 4  | 51     | UUE    | BOUGHT | 343.00       | 2024-09-07 18:28:25  |
| 5  | 26     | PEW    | BOUGHT | 799.00       | 2024-09-07 18:28:28  |
| 6  | 50     | SIC    | SOLD   | 566.00       | 2024-09-07 18:28:29  |
| 7  | 55     | JZI    | SOLD   | 455.00       | 2024-09-07 18:28:30  |
| 8  | 50     | YOG    | BOUGHT | 511.00       | 2024-09-07 18:33:39  |
| 9  | 89     | DNJ    | SOLD   | 234.00       | 2024-09-07 18:33:43  |
| 10 | 12     | OEC    | SOLD   | 532.00       | 2024-09-07 18:34:05  |
| 11 | 41     | CMP    | SELL   | 909.00       | 2024-09-07 18:55:39  |
| 12 | 56     | SMO    | SELL   | 311.00       | 2024-09-07 19:00:12  |
| 13 | 89     | WXA    | BOUGHT | 685.00       | 2024-09-07 20:42:11  |
| 14 | 12     | DHN    | BOUGHT | 12423.00     | 2024-09-07 21:12:09  |
| 15 | 15     | ATM    | BOUGHT | 444.00       | 2024-09-07 21:18:25  |
| 16 | 25     | UCQ    | BOUGHT | 158.00       | 2024-09-09 00:46:35  |
| 17 | 32     | KJT    | SELL   | 245.00       | 2024-09-09 00:48:27  |
| 18 | 38     | AZQ    | BOUGHT | 208.00       | 2024-09-09 09:11:19  |
| 19 | 78     | VUU    | BOUGHT | 310.00       | 2024-09-09 13:59:38  |
| 20 | 69     | KJO    | SELL   | 272.00       | 2024-09-09 13:59:41  |
| 21 | 31     | MEB    | BOUGHT | 992.00       | 2024-09-09 14:32:31  |
| 22 | 71     | ZTH    | SELL   | 903.00       | 2024-09-09 14:32:34  |

Log file created/initialized at: Mon Sep 09 12:07:11 2024
[Mon Sep 09 14:39:40 2024]::[MAIN] Sign-in successful with user ID [1123]
[Mon Sep 09 14:39:43 2024]::[MAIN] handleUserTradeMenu::printing list of trades by user id [1123]
[Mon Sep 09 14:39:43 2024]::[MAIN] 
+----+----------------------------------------------------------------+
| Id | Shares | Symbol |  Order | Total Amount | Date                 |
+----+----------------------------------------------------------------+
| 1  | 14     | PRV    | BOUGHT | 942.00       | 2024-09-07 18:21:02  |
| 2  | 23     | PNT    | BOUGHT | 1000.00      | 2024-09-07 18:22:32  |
| 3  | 83     | MBU    | BOUGHT | 600.00       | 2024-09-07 18:25:34  |
| 4  | 51     | UUE    | BOUGHT | 343.00       | 2024-09-07 18:28:25  |
| 5  | 26     | PEW    | BOUGHT | 799.00       | 2024-09-07 18:28:28  |
| 6  | 50     | SIC    | SOLD   | 566.00       | 2024-09-07 18:28:29  |
| 7  | 55     | JZI    | SOLD   | 455.00       | 2024-09-07 18:28:30  |
| 8  | 50     | YOG    | BOUGHT | 511.00       | 2024-09-07 18:33:39  |
| 9  | 89     | DNJ    | SOLD   | 234.00       | 2024-09-07 18:33:43  |
| 10 | 12     | OEC    | SOLD   | 532.00       | 2024-09-07 18:34:05  |
| 11 | 41     | CMP    | SELL   | 909.00       | 2024-09-07 18:55:39  |
| 12 | 56     | SMO    | SELL   | 311.00       | 2024-09-07 19:00:12  |
| 13 | 89     | WXA    | BOUGHT | 685.00       | 2024-09-07 20:42:11  |
| 14 | 12     | DHN    | BOUGHT | 12423.00     | 2024-09-07 21:12:09  |
| 15 | 15     | ATM    | BOUGHT | 444.00       | 2024-09-07 21:18:25  |
| 16 | 25     | UCQ    | BOUGHT | 158.00       | 2024-09-09 00:46:35  |
| 17 | 32     | KJT    | SELL   | 245.00       | 2024-09-09 00:48:27  |
| 18 | 38     | AZQ    | BOUGHT | 208.00       | 2024-09-09 09:11:19  |
| 19 | 78     | VUU    | BOUGHT | 310.00       | 2024-09-09 13:59:38  |
| 20 | 69     | KJO    | SELL   | 272.00       | 2024-09-09 13:59:41  |
| 21 | 31     | MEB    | BOUGHT | 992.00       | 2024-09-09 14:32:31  |
| 22 | 71     | ZTH    | SELL   | 903.00       | 2024-09-09 14:32:34  |

[Mon Sep 09 14:40:07 2024]::[MAIN] handleUserTradeMenu::printing list of trades by user id [1123]
[Mon Sep 09 14:40:07 2024]::[MAIN] 
+----+----------------------------------------------------------------+
| Id | Shares | Symbol |  Order | Total Amount | Date                 |
+----+----------------------------------------------------------------+
| 1  | 14     | PRV    | BOUGHT | 942.00       | 2024-09-07 18:21:02  |
| 2  | 23     | PNT    | BOUGHT | 1000.00      | 2024-09-07 18:22:32  |
| 3  | 83     | MBU    | BOUGHT | 600.00       | 2024-09-07 18:25:34  |
| 4  | 51     | UUE    | BOUGHT | 343.00       | 2024-09-07 18:28:25  |
| 5  | 26     | PEW    | BOUGHT | 799.00       | 2024-09-07 18:28:28  |
| 6  | 50     | SIC    | SOLD   | 566.00       | 2024-09-07 18:28:29  |
| 7  | 55     | JZI    | SOLD   | 455.00       | 2024-09-07 18:28:30  |
| 8  | 50     | YOG    | BOUGHT | 511.00       | 2024-09-07 18:33:39  |
| 9  | 89     | DNJ    | SOLD   | 234.00       | 2024-09-07 18:33:43  |
| 10 | 12     | OEC    | SOLD   | 532.00       | 2024-09-07 18:34:05  |
| 11 | 41     | CMP    | SELL   | 909.00       | 2024-09-07 18:55:39  |
| 12 | 56     | SMO    | SELL   | 311.00       | 2024-09-07 19:00:12  |
| 13 | 89     | WXA    | BOUGHT | 685.00       | 2024-09-07 20:42:11  |
| 14 | 12     | DHN    | BOUGHT | 12423.00     | 2024-09-07 21:12:09  |
| 15 | 15     | ATM    | BOUGHT | 444.00       | 2024-09-07 21:18:25  |
| 16 | 25     | UCQ    | BOUGHT | 158.00       | 2024-09-09 00:46:35  |
| 17 | 32     | KJT    | SELL   | 245.00       | 2024-09-09 00:48:27  |
| 18 | 38     | AZQ    | BOUGHT | 208.00       | 2024-09-09 09:11:19  |
| 19 | 78     | VUU    | BOUGHT | 310.00       | 2024-09-09 13:59:38  |
| 20 | 69     | KJO    | SELL   | 272.00       | 2024-09-09 13:59:41  |
| 21 | 31     | MEB    | BOUGHT | 992.00       | 2024-09-09 14:32:31  |
| 22 | 71     | ZTH    | SELL   | 903.00       | 2024-09-09 14:32:34  |

[Mon Sep 09 14:40:39 2024]::[MAIN] handleUserTradeMenu::printing list of trades by user id [1123]
[Mon Sep 09 14:40:39 2024]::[MAIN] 
+----+----------------------------------------------------------------+
| Id | Shares | Symbol |  Order | Total Amount | Date                 |
+----+----------------------------------------------------------------+
| 1  | 14     | PRV    | BOUGHT | 942.00       | 2024-09-07 18:21:02  |
| 2  | 23     | PNT    | BOUGHT | 1000.00      | 2024-09-07 18:22:32  |
| 3  | 83     | MBU    | BOUGHT | 600.00       | 2024-09-07 18:25:34  |
| 4  | 51     | UUE    | BOUGHT | 343.00       | 2024-09-07 18:28:25  |
| 5  | 26     | PEW    | BOUGHT | 799.00       | 2024-09-07 18:28:28  |
| 6  | 50     | SIC    | SOLD   | 566.00       | 2024-09-07 18:28:29  |
| 7  | 55     | JZI    | SOLD   | 455.00       | 2024-09-07 18:28:30  |
| 8  | 50     | YOG    | BOUGHT | 511.00       | 2024-09-07 18:33:39  |
| 9  | 89     | DNJ    | SOLD   | 234.00       | 2024-09-07 18:33:43  |
| 10 | 12     | OEC    | SOLD   | 532.00       | 2024-09-07 18:34:05  |
| 11 | 41     | CMP    | SELL   | 909.00       | 2024-09-07 18:55:39  |
| 12 | 56     | SMO    | SELL   | 311.00       | 2024-09-07 19:00:12  |
| 13 | 89     | WXA    | BOUGHT | 685.00       | 2024-09-07 20:42:11  |
| 14 | 12     | DHN    | BOUGHT | 12423.00     | 2024-09-07 21:12:09  |
| 15 | 15     | ATM    | BOUGHT | 444.00       | 2024-09-07 21:18:25  |

Log file created/initialized at: Mon Sep 09 12:07:11 2024
[Mon Sep 09 14:41:57 2024]::[MAIN] Sign-in failed. User ID not found [1233]
[Mon Sep 09 14:42:01 2024]::[MAIN] Sign-in successful with user ID [1123]
[Mon Sep 09 14:42:05 2024]::[MAIN] handleUserTradeMenu::printing list of trades by user id [1123]
[Mon Sep 09 14:42:05 2024]::[MAIN] 
+----+----------------------------------------------------------------+
| Id | Shares | Symbol |  Order | Total Amount | Date                 |
+----+----------------------------------------------------------------+
| 1  | 14     | PRV    | BOUGHT | 942.00       | 2024-09-07 18:21:02  |
| 2  | 23     | PNT    | BOUGHT | 1000.00      | 2024-09-07 18:22:32  |
| 3  | 83     | MBU    | BOUGHT | 600.00       | 2024-09-07 18:25:34  |
| 4  | 51     | UUE    | BOUGHT | 343.00       | 2024-09-07 18:28:25  |
| 5  | 26     | PEW    | BOUGHT | 799.00       | 2024-09-07 18:28:28  |
| 6  | 50     | SIC    | SOLD   | 566.00       | 2024-09-07 18:28:29  |
| 7  | 55     | JZI    | SOLD   | 455.00       | 2024-09-07 18:28:30  |
| 8  | 50     | YOG    | BOUGHT | 511.00       | 2024-09-07 18:33:39  |
| 9  | 89     | DNJ    | SOLD   | 234.00       | 2024-09-07 18:33:43  |
| 10 | 12     | OEC    | SOLD   | 532.00       | 2024-09-07 18:34:05  |
| 11 | 41     | CMP    | SELL   | 909.00       | 2024-09-07 18:55:39  |
| 12 | 56     | SMO    | SELL   | 311.00       | 2024-09-07 19:00:12  |
| 13 | 89     | WXA    | BOUGHT | 685.00       | 2024-09-07 20:42:11  |
| 14 | 12     | DHN    | BOUGHT | 12423.00     | 2024-09-07 21:12:09  |
| 15 | 15     | ATM    | BOUGHT | 444.00       | 2024-09-07 21:18:25  |
| 16 | 25     | UCQ    | BOUGHT | 158.00       | 2024-09-09 00:46:35  |
| 17 | 32     | KJT    | SELL   | 245.00       | 2024-09-09 00:48:27  |
| 18 | 38     | AZQ    | BOUGHT | 208.00       | 2024-09-09 09:11:19  |
| 19 | 78     | VUU    | BOUGHT | 310.00       | 2024-09-09 13:59:38  |
| 20 | 69     | KJO    | SELL   | 272.00       | 2024-09-09 13:59:41  |
| 21 | 31     | MEB    | BOUGHT | 992.00       | 2024-09-09 14:32:31  |
| 22 | 71     | ZTH    | SELL   | 903.00       | 2024-09-09 14:32:34  |

Log file created/initialized at: Mon Sep 09 12:07:11 2024
[Mon Sep 09 14:45:13 2024]::[MAIN] Sign-in successful with user ID [1123]
[Mon Sep 09 14:45:23 2024]::[MAIN] handleUserMenu::User[1123] had successfully logout
[Mon Sep 09 14:45:33 2024]::[MAIN] Sign-in successful with user ID [admin]
Log file created/initialized at: Mon Sep 09 12:07:11 2024
[Mon Sep 09 14:47:15 2024]::[MAIN] Sign-in successful with user ID [admin]
[Mon Sep 09 14:47:24 2024]::[MAIN] handleAdminMenu::Error on retrieving user.

[Mon Sep 09 14:47:27 2024]::[MAIN] handleAdminMenu::Error on retrieving user.

Log file created/initialized at: Mon Sep 09 12:07:11 2024
[Mon Sep 09 14:53:41 2024]::[MAIN] Sign-in successful with user ID [admin]
[Mon Sep 09 14:53:51 2024]::[MAIN] handleAdminMenu::printing list of trades by user id [1123]
[Mon Sep 09 14:53:51 2024]::[MAIN] 
+----+----------------------------------------------------------------+
| Id | Shares | Symbol |  Order | Total Amount | Date                 |
+----+----------------------------------------------------------------+
| 1  | 14     | PRV    | BOUGHT | 942.00       | 2024-09-07 18:21:02  |
| 2  | 23     | PNT    | BOUGHT | 1000.00      | 2024-09-07 18:22:32  |
| 3  | 83     | MBU    | BOUGHT | 600.00       | 2024-09-07 18:25:34  |
| 4  | 51     | UUE    | BOUGHT | 343.00       | 2024-09-07 18:28:25  |
| 5  | 26     | PEW    | BOUGHT | 799.00       | 2024-09-07 18:28:28  |
| 6  | 50     | SIC    | SOLD   | 566.00       | 2024-09-07 18:28:29  |
| 7  | 55     | JZI    | SOLD   | 455.00       | 2024-09-07 18:28:30  |
| 8  | 50     | YOG    | BOUGHT | 511.00       | 2024-09-07 18:33:39  |
| 9  | 89     | DNJ    | SOLD   | 234.00       | 2024-09-07 18:33:43  |
| 10 | 12     | OEC    | SOLD   | 532.00       | 2024-09-07 18:34:05  |
| 11 | 41     | CMP    | SELL   | 909.00       | 2024-09-07 18:55:39  |
| 12 | 56     | SMO    | SELL   | 311.00       | 2024-09-07 19:00:12  |
| 13 | 89     | WXA    | BOUGHT | 685.00       | 2024-09-07 20:42:11  |
| 14 | 12     | DHN    | BOUGHT | 12423.00     | 2024-09-07 21:12:09  |
| 15 | 15     | ATM    | BOUGHT | 444.00       | 2024-09-07 21:18:25  |
| 16 | 25     | UCQ    | BOUGHT | 158.00       | 2024-09-09 00:46:35  |
| 17 | 32     | KJT    | SELL   | 245.00       | 2024-09-09 00:48:27  |
| 18 | 38     | AZQ    | BOUGHT | 208.00       | 2024-09-09 09:11:19  |
| 19 | 78     | VUU    | BOUGHT | 310.00       | 2024-09-09 13:59:38  |
| 20 | 69     | KJO    | SELL   | 272.00       | 2024-09-09 13:59:41  |
| 21 | 31     | MEB    | BOUGHT | 992.00       | 2024-09-09 14:32:31  |
| 22 | 71     | ZTH    | SELL   | 903.00       | 2024-09-09 14:32:34  |

Log file created/initialized at: Mon Sep 09 12:07:11 2024
[Mon Sep 09 14:54:40 2024]::[MAIN] Sign-in successful with user ID [admin]
[Mon Sep 09 14:54:51 2024]::[MAIN] handleAdminMenu::printing list of trades by user id [1123]
[Mon Sep 09 14:54:51 2024]::[MAIN] 
+----+----------------------------------------------------------------+
| Id | Shares | Symbol |  Order | Total Amount | Date                 |
+----+----------------------------------------------------------------+
| 1  | 14     | PRV    | BOUGHT | 942.00       | 2024-09-07 18:21:02  |
| 2  | 23     | PNT    | BOUGHT | 1000.00      | 2024-09-07 18:22:32  |
| 3  | 83     | MBU    | BOUGHT | 600.00       | 2024-09-07 18:25:34  |
| 4  | 51     | UUE    | BOUGHT | 343.00       | 2024-09-07 18:28:25  |
| 5  | 26     | PEW    | BOUGHT | 799.00       | 2024-09-07 18:28:28  |
| 6  | 50     | SIC    | SOLD   | 566.00       | 2024-09-07 18:28:29  |
| 7  | 55     | JZI    | SOLD   | 455.00       | 2024-09-07 18:28:30  |
| 8  | 50     | YOG    | BOUGHT | 511.00       | 2024-09-07 18:33:39  |
| 9  | 89     | DNJ    | SOLD   | 234.00       | 2024-09-07 18:33:43  |
| 10 | 12     | OEC    | SOLD   | 532.00       | 2024-09-07 18:34:05  |
| 11 | 41     | CMP    | SELL   | 909.00       | 2024-09-07 18:55:39  |
| 12 | 56     | SMO    | SELL   | 311.00       | 2024-09-07 19:00:12  |
| 13 | 89     | WXA    | BOUGHT | 685.00       | 2024-09-07 20:42:11  |
| 14 | 12     | DHN    | BOUGHT | 12423.00     | 2024-09-07 21:12:09  |
| 15 | 15     | ATM    | BOUGHT | 444.00       | 2024-09-07 21:18:25  |
| 16 | 25     | UCQ    | BOUGHT | 158.00       | 2024-09-09 00:46:35  |
| 17 | 32     | KJT    | SELL   | 245.00       | 2024-09-09 00:48:27  |
| 18 | 38     | AZQ    | BOUGHT | 208.00       | 2024-09-09 09:11:19  |
| 19 | 78     | VUU    | BOUGHT | 310.00       | 2024-09-09 13:59:38  |
| 20 | 69     | KJO    | SELL   | 272.00       | 2024-09-09 13:59:41  |
| 21 | 31     | MEB    | BOUGHT | 992.00       | 2024-09-09 14:32:31  |
| 22 | 71     | ZTH    | SELL   | 903.00       | 2024-09-09 14:32:34  |

Log file created/initialized at: Mon Sep 09 12:07:11 2024
[Mon Sep 09 14:56:28 2024]::[MAIN] Sign-in successful with user ID [admin]
[Mon Sep 09 14:56:31 2024]::[MAIN] handleAdminMenu::printing list of trades by user id [1123]
[Mon Sep 09 14:56:31 2024]::[MAIN] 
+----+----------------------------------------------------------------+
| Id | Shares | Symbol |  Order | Total Amount | Date                 |
+----+----------------------------------------------------------------+
| 1  | 14     | PRV    | BOUGHT | 942.00       | 2024-09-07 18:21:02  |
| 2  | 23     | PNT    | BOUGHT | 1000.00      | 2024-09-07 18:22:32  |
| 3  | 83     | MBU    | BOUGHT | 600.00       | 2024-09-07 18:25:34  |
| 4  | 51     | UUE    | BOUGHT | 343.00       | 2024-09-07 18:28:25  |
| 5  | 26     | PEW    | BOUGHT | 799.00       | 2024-09-07 18:28:28  |
| 6  | 50     | SIC    | SOLD   | 566.00       | 2024-09-07 18:28:29  |
| 7  | 55     | JZI    | SOLD   | 455.00       | 2024-09-07 18:28:30  |
| 8  | 50     | YOG    | BOUGHT | 511.00       | 2024-09-07 18:33:39  |
| 9  | 89     | DNJ    | SOLD   | 234.00       | 2024-09-07 18:33:43  |
| 10 | 12     | OEC    | SOLD   | 532.00       | 2024-09-07 18:34:05  |
| 11 | 41     | CMP    | SELL   | 909.00       | 2024-09-07 18:55:39  |
| 12 | 56     | SMO    | SELL   | 311.00       | 2024-09-07 19:00:12  |
| 13 | 89     | WXA    | BOUGHT | 685.00       | 2024-09-07 20:42:11  |
| 14 | 12     | DHN    | BOUGHT | 12423.00     | 2024-09-07 21:12:09  |
| 15 | 15     | ATM    | BOUGHT | 444.00       | 2024-09-07 21:18:25  |
| 16 | 25     | UCQ    | BOUGHT | 158.00       | 2024-09-09 00:46:35  |
| 17 | 32     | KJT    | SELL   | 245.00       | 2024-09-09 00:48:27  |
| 18 | 38     | AZQ    | BOUGHT | 208.00       | 2024-09-09 09:11:19  |
| 19 | 78     | VUU    | BOUGHT | 310.00       | 2024-09-09 13:59:38  |
| 20 | 69     | KJO    | SELL   | 272.00       | 2024-09-09 13:59:41  |
| 21 | 31     | MEB    | BOUGHT | 992.00       | 2024-09-09 14:32:31  |
| 22 | 71     | ZTH    | SELL   | 903.00       | 2024-09-09 14:32:34  |

[Mon Sep 09 14:56:47 2024]::[MAIN] handleAdminMenu::printing list of trades by user id [1123]
[Mon Sep 09 14:56:47 2024]::[MAIN] 
+----+----------------------------------------------------------------+
| Id | Shares | Symbol |  Order | Total Amount | Date                 |
+----+----------------------------------------------------------------+
| 1  | 14     | PRV    | BOUGHT | 942.00       | 2024-09-07 18:21:02  |
| 2  | 23     | PNT    | BOUGHT | 1000.00      | 2024-09-07 18:22:32  |
| 3  | 83     | MBU    | BOUGHT | 600.00       | 2024-09-07 18:25:34  |
| 4  | 51     | UUE    | BOUGHT | 343.00       | 2024-09-07 18:28:25  |
| 5  | 26     | PEW    | BOUGHT | 799.00       | 2024-09-07 18:28:28  |
| 6  | 50     | SIC    | SOLD   | 566.00       | 2024-09-07 18:28:29  |
| 7  | 55     | JZI    | SOLD   | 455.00       | 2024-09-07 18:28:30  |
| 8  | 50     | YOG    | BOUGHT | 511.00       | 2024-09-07 18:33:39  |
| 9  | 89     | DNJ    | SOLD   | 234.00       | 2024-09-07 18:33:43  |
| 10 | 12     | OEC    | SOLD   | 532.00       | 2024-09-07 18:34:05  |
| 11 | 41     | CMP    | SELL   | 909.00       | 2024-09-07 18:55:39  |
| 12 | 56     | SMO    | SELL   | 311.00       | 2024-09-07 19:00:12  |
| 13 | 89     | WXA    | BOUGHT | 685.00       | 2024-09-07 20:42:11  |
| 14 | 12     | DHN    | BOUGHT | 12423.00     | 2024-09-07 21:12:09  |
| 15 | 15     | ATM    | BOUGHT | 444.00       | 2024-09-07 21:18:25  |
| 16 | 25     | UCQ    | BOUGHT | 158.00       | 2024-09-09 00:46:35  |
| 17 | 32     | KJT    | SELL   | 245.00       | 2024-09-09 00:48:27  |
| 18 | 38     | AZQ    | BOUGHT | 208.00       | 2024-09-09 09:11:19  |
| 19 | 78     | VUU    | BOUGHT | 310.00       | 2024-09-09 13:59:38  |
| 20 | 69     | KJO    | SELL   | 272.00       | 2024-09-09 13:59:41  |
| 21 | 31     | MEB    | BOUGHT | 992.00       | 2024-09-09 14:32:31  |
| 22 | 71     | ZTH    | SELL   | 903.00       | 2024-09-09 14:32:34  |

[Mon Sep 09 14:57:02 2024]::[MAIN] handleEditTrade::printing details of trade:[13] by user id [1123]
[Mon Sep 09 14:57:02 2024]::[MAIN] 
+----+----------------------------------------------------------------+
| Id | Shares | Symbol |  Order | Total Amount | Date                 |
+----+----------------------------------------------------------------+
| 13 | 89     | WXA    | BOUGHT | 685.00       | 2024-09-07 20:42:11  |

[Mon Sep 09 14:57:22 2024]::[MAIN] handleEditTrade::update successfull for trade:[13] by user id [1123]
[Mon Sep 09 14:57:22 2024]::[MAIN] handleEditTrade::printing details of new update of trade:[13] by user id [1123]
[Mon Sep 09 14:57:22 2024]::[MAIN] 
+----+----------------------------------------------------------------+
| Id | Shares | Symbol |  Order | Total Amount | Date                 |
+----+----------------------------------------------------------------+
| 13 | 89     | WXA    | BOUGHT | 500.00       | 2024-09-07 20:42:11  |

[Mon Sep 09 15:01:20 2024]::[MAIN] handleAdminMenu::Admin Logout
[Mon Sep 09 15:01:37 2024]::[MAIN] Registration successful with user ID [Tin23]
[Mon Sep 09 15:01:45 2024]::[MAIN] Sign-in failed. User ID not found [Tin33]
[Mon Sep 09 15:01:51 2024]::[MAIN] Sign-in successful with user ID [Tin23]
[Mon Sep 09 15:01:56 2024]::[MAIN] No trade records found for user id [Tin23]
[Mon Sep 09 15:02:05 2024]::[MAIN] handleUserMenu::User[Tin23] bought shares of [82] with amount of [744.00] with trade id[25]
[Mon Sep 09 15:02:07 2024]::[MAIN] handleUserMenu::User[Tin23] bought shares of [94] with amount of [664.00] with trade id[26]
[Mon Sep 09 15:02:10 2024]::[MAIN] handleUserMenu::User[Tin23] selling shares of [12] with amount of [971.00] with trade id[27]
[Mon Sep 09 15:02:13 2024]::[MAIN] handleUserMenu::User[Tin23] selling shares of [21] with amount of [969.00] with trade id[28]
[Mon Sep 09 15:02:17 2024]::[MAIN] handleUserTradeMenu::printing list of trades by user id [Tin23]
[Mon Sep 09 15:02:17 2024]::[MAIN] 
+----+----------------------------------------------------------------+
| Id | Shares | Symbol |  Order | Total Amount | Date                 |
+----+----------------------------------------------------------------+
| 25 | 82     | EBI    | BOUGHT | 744.00       | 2024-09-09 15:02:05  |
| 26 | 94     | SOT    | BOUGHT | 664.00       | 2024-09-09 15:02:07  |
| 27 | 12     | XDN    | SELL   | 971.00       | 2024-09-09 15:02:10  |
| 28 | 21     | LEZ    | SELL   | 969.00       | 2024-09-09 15:02:13  |

Log file created/initialized at: Mon Sep 09 12:07:11 2024
[Mon Sep 09 15:19:14 2024]::[MAIN] Sign-in successful with user ID [admin]
[Mon Sep 09 15:19:17 2024]::[MAIN] handleAdminMenu::printing list of users
[Mon Sep 09 15:19:17 2024]::[MAIN] 
+----+----------------------------------+
| Id | Name            | Age |  User ID |
+----+----------------------------------+
| 1  | Julia           | 30  | 1123     |
| 2  | Hanshin         | 30  | 345      |
| 3  | Andrei          | 30  | xyz      |
| 4  | Bambi           | 30  | def      |
| 5  | Yhuan           | 30  | abc      |
| 6  | Yhuna           | 30  | 9876     |
| 7  | Yhuni           | 30  | 1234     |
| 11 | Naru            | 44  | Naru44   |
| 12 | Sven            | 33  | Sven33   |
| 13 | gon             | 12  | gon12    |
| 14 | Tina            | 36  | Tin23    |

[Mon Sep 09 15:19:27 2024]::[MAIN] handleAdminMenu::Admin Logout
Log file closed at: Mon Sep 09 12:07:11 2024
Log file created/initialized at: Mon Sep 09 12:07:11 2024
[Mon Sep 09 15:24:02 2024]::[MAIN] Sign-in successful with user ID [admin]
[Mon Sep 09 15:24:03 2024]::[MAIN] handleAdminMenu::printing list of users
[Mon Sep 09 15:24:03 2024]::[MAIN] 
+----+----------------------------------+
| Id | Name            | Age |  User ID |
+----+----------------------------------+
| 1  | Julia           | 30  | 1123     |
| 2  | Hanshin         | 30  | 345      |
| 3  | Andrei          | 30  | xyz      |
| 4  | Bambi           | 30  | def      |
| 5  | Yhuan           | 30  | abc      |
| 6  | Yhuna           | 30  | 9876     |
| 7  | Yhuni           | 30  | 1234     |
| 11 | Naru            | 44  | Naru44   |
| 12 | Sven            | 33  | Sven33   |
| 13 | gon             | 12  | gon12    |
| 14 | Tina            | 36  | Tin23    |

[Mon Sep 09 15:24:12 2024]::[MAIN] handleAdminMenu::Admin Logout
Log file closed at: Mon Sep 09 12:07:11 2024
Log file created/initialized at: Mon Sep 09 15:33:16 2024
[Mon Sep 09 15:54:32 2024]::[MAIN] Sign-in successful with user ID [1123]
[Mon Sep 09 15:54:35 2024]::[MAIN] handleUserTradeMenu::printing list of trades by user id [1123]
[Mon Sep 09 15:54:35 2024]::[MAIN] 
+----+----------------------------------------------------------------+
| Id | Shares | Symbol |  Order | Total Amount | Date                 |
+----+----------------------------------------------------------------+
| 1  | 14     | PRV    | BOUGHT | 942.00       | 2024-09-07 18:21:02  |
| 2  | 23     | PNT    | BOUGHT | 1000.00      | 2024-09-07 18:22:32  |
| 3  | 83     | MBU    | BOUGHT | 600.00       | 2024-09-07 18:25:34  |
| 4  | 51     | UUE    | BOUGHT | 343.00       | 2024-09-07 18:28:25  |
| 5  | 26     | PEW    | BOUGHT | 799.00       | 2024-09-07 18:28:28  |
| 6  | 50     | SIC    | SOLD   | 566.00       | 2024-09-07 18:28:29  |
| 7  | 55     | JZI    | SOLD   | 455.00       | 2024-09-07 18:28:30  |
| 8  | 50     | YOG    | BOUGHT | 511.00       | 2024-09-07 18:33:39  |
| 9  | 89     | DNJ    | SOLD   | 234.00       | 2024-09-07 18:33:43  |
| 10 | 12     | OEC    | SOLD   | 532.00       | 2024-09-07 18:34:05  |
| 11 | 41     | CMP    | SELL   | 909.00       | 2024-09-07 18:55:39  |
| 12 | 56     | SMO    | SELL   | 311.00       | 2024-09-07 19:00:12  |
| 13 | 89     | WXA    | BOUGHT | 500.00       | 2024-09-07 20:42:11  |
| 14 | 12     | DHN    | BOUGHT | 12423.00     | 2024-09-07 21:12:09  |
| 15 | 15     | ATM    | BOUGHT | 444.00       | 2024-09-07 21:18:25  |
| 16 | 25     | UCQ    | BOUGHT | 158.00       | 2024-09-09 00:46:35  |
| 17 | 32     | KJT    | SELL   | 245.00       | 2024-09-09 00:48:27  |
| 18 | 38     | AZQ    | BOUGHT | 208.00       | 2024-09-09 09:11:19  |
| 19 | 78     | VUU    | BOUGHT | 310.00       | 2024-09-09 13:59:38  |
| 20 | 69     | KJO    | SELL   | 272.00       | 2024-09-09 13:59:41  |
| 21 | 31     | MEB    | BOUGHT | 992.00       | 2024-09-09 14:32:31  |
| 22 | 71     | ZTH    | SELL   | 903.00       | 2024-09-09 14:32:34  |

[Mon Sep 09 15:54:38 2024]::[MAIN] handleUserMenu::User[1123] had successfully logout
[Mon Sep 09 15:54:45 2024]::[MAIN] Sign-in successful with user ID [sven33]
[Mon Sep 09 15:54:58 2024]::[MAIN] handleUserTradeMenu::printing list of trades by user id [sven33]
[Mon Sep 09 15:54:58 2024]::[MAIN] 
+----+----------------------------------------------------------------+
| Id | Shares | Symbol |  Order | Total Amount | Date                 |
+----+----------------------------------------------------------------+
| 23 | 63     | SSM    | BOUGHT | 629.00       | 2024-09-09 14:35:23  |
| 24 | 36     | NND    | SELL   | 495.00       | 2024-09-09 14:35:26  |

[Mon Sep 09 15:55:03 2024]::[MAIN] handleUserMenu::User[sven33] bought shares of [46] with amount of [193.00] with trade id[29]
[Mon Sep 09 15:55:06 2024]::[MAIN] handleUserMenu::User[sven33] selling shares of [95] with amount of [197.00] with trade id[30]
Log file created/initialized at: Mon Sep 09 15:33:16 2024
[Mon Sep 09 18:21:54 2024]::[MAIN] Registration successful with user ID [Dead23]
[Mon Sep 09 18:22:01 2024]::[MAIN] Sign-in failed. User ID not found [dead123]
[Mon Sep 09 18:22:06 2024]::[MAIN] Sign-in successful with user ID [dead23]
[Mon Sep 09 18:22:09 2024]::[MAIN] handleUserMenu::User[dead23] bought shares of [49] with amount of [555.00] with trade id[31]
[Mon Sep 09 18:22:12 2024]::[MAIN] handleUserMenu::User[dead23] selling shares of [2] with amount of [366.00] with trade id[32]
[Mon Sep 09 18:22:16 2024]::[MAIN] handleUserMenu::User[dead23] bought shares of [91] with amount of [497.00] with trade id[33]
[Mon Sep 09 18:22:19 2024]::[MAIN] handleUserMenu::User[dead23] bought shares of [7] with amount of [601.00] with trade id[34]
[Mon Sep 09 18:22:22 2024]::[MAIN] handleUserMenu::User[dead23] selling shares of [62] with amount of [173.00] with trade id[35]
[Mon Sep 09 18:22:28 2024]::[MAIN] handleUserTradeMenu::printing list of trades by user id [dead23]
[Mon Sep 09 18:22:28 2024]::[MAIN] 
+----+----------------------------------------------------------------+
| Id | Shares | Symbol |  Order | Total Amount | Date                 |
+----+----------------------------------------------------------------+
| 31 | 49     | GME    | BOUGHT | 555.00       | 2024-09-09 18:22:09  |
| 32 | 2      | KJP    | SELL   | 366.00       | 2024-09-09 18:22:12  |
| 33 | 91     | CFF    | BOUGHT | 497.00       | 2024-09-09 18:22:16  |
| 34 | 7      | BYE    | BOUGHT | 601.00       | 2024-09-09 18:22:19  |
| 35 | 62     | EEY    | SELL   | 173.00       | 2024-09-09 18:22:22  |

[Mon Sep 09 18:22:41 2024]::[MAIN] handleUserMenu::User[dead23] had successfully logout
Log file closed at: Mon Sep 09 15:33:16 2024
Log file created/initialized at: Mon Sep 09 15:33:16 2024
Log file closed at: Mon Sep 09 15:33:16 2024
